FUNCTION  <SNR>1_LoadFTPlugin()
    Defined: /usr/share/nvim/runtime/ftplugin.vim:15
Called 2 times
Total time:   0.003739
 Self time:   0.003739

count  total (s)   self (s)
    2              0.000019     if exists("b:undo_ftplugin")
                                  exe b:undo_ftplugin
                                  unlet! b:undo_ftplugin b:did_ftplugin
    2              0.000004     endif
                            
    2              0.000018     let s = expand("<amatch>")
    2              0.000006     if s != ""
    2              0.000022       if &cpo =~# "S" && exists("b:did_ftplugin")
                            	" In compatible mode options are reset to the global values, need to
                            	" set the local values also when a plugin was already used.
                            	unlet b:did_ftplugin
    2              0.000002       endif
                            
                                  " When there is a dot it is used to separate filetype names.  Thus for
                                  " "aaa.bbb" load "aaa" and then "bbb".
    4              0.000032       for name in split(s, '\.')
                                    " Load Lua ftplugins after Vim ftplugins _per directory_
                                    " TODO(clason): use nvim__get_runtime when supports globs and modeline
                                    " XXX: "[.]" in the first pattern makes it a wildcard on Windows
    2              0.003556         exe $'runtime! ftplugin/{name}[.]{{vim,lua}} ftplugin/{name}_*.{{vim,lua}} ftplugin/{name}/*.{{vim,lua}}'
    4              0.000014       endfor
    2              0.000003     endif

FUNCTION  <SNR>15_Highlight_Matching_Pair()
    Defined: /usr/share/nvim/runtime/plugin/matchparen.vim:45
Called 7 times
Total time:   0.000748
 Self time:   0.000650

count  total (s)   self (s)
    7              0.000039   if !exists("w:matchparen_ids")
    1              0.000003     let w:matchparen_ids = []
    7              0.000007   endif
                              " Remove any previous match.
    7   0.000158   0.000060   call s:Remove_Matches()
                            
                              " Avoid that we remove the popup menu.
                              " Return when there are no colors (looks like the cursor jumps).
    7              0.000043   if pumvisible() || (&t_Co < 8 && !has("gui_running"))
                                return
    7              0.000004   endif
                            
                              " Get the character under the cursor and check if it's in 'matchpairs'.
    7              0.000029   let c_lnum = line('.')
    7              0.000019   let c_col = col('.')
    7              0.000009   let before = 0
                            
    7              0.000025   let text = getline(c_lnum)
    7              0.000047   let c_before = text->strpart(0, c_col - 1)->slice(-1)
    7              0.000027   let c = text->strpart(c_col - 1)->slice(0, 1)
    7              0.000131   let plist = split(&matchpairs, '.\zs[:,]')
    7              0.000029   let i = index(plist, c)
    7              0.000010   if i < 0
                                " not found, in Insert mode try character before the cursor
    7              0.000025     if c_col > 1 && (mode() == 'i' || mode() == 'R')
                                  let before = strlen(c_before)
                                  let c = c_before
                                  let i = index(plist, c)
    7              0.000005     endif
    7              0.000007     if i < 0
                                  " not found, nothing to do
    7              0.000008       return
                                endif
                              endif
                            
                              " Figure out the arguments for searchpairpos().
                              if i % 2 == 0
                                let s_flags = 'nW'
                                let c2 = plist[i + 1]
                              else
                                let s_flags = 'nbW'
                                let c2 = c
                                let c = plist[i - 1]
                              endif
                              if c == '['
                                let c = '\['
                                let c2 = '\]'
                              endif
                            
                              " Find the match.  When it was just before the cursor move it there for a
                              " moment.
                              if before > 0
                                let save_cursor = getcurpos()
                                call cursor(c_lnum, c_col - before)
                                defer setpos('.', save_cursor)
                              endif
                            
                              if !has("syntax") || !exists("g:syntax_on")
                                let s_skip = "0"
                              elseif exists("b:ts_highlight") && &syntax != 'on'
                                let s_skip = "match(v:lua.vim.treesitter.get_captures_at_cursor(), '" .. 'string\|character\|singlequote\|escape\|symbol\|comment' .. "') != -1"
                              else
                                " do not attempt to match when the syntax item where the cursor is
                                " indicates there does not exist a matching parenthesis, e.g. for shells
                                " case statement: "case $var in foobar)"
                                "
                                " add the check behind a filetype check, so it only needs to be
                                " evaluated for certain filetypes
                                if ['sh']->index(&filetype) >= 0 && synstack(".", col("."))->indexof({_, id -> synIDattr(id, "name") =~? "shSnglCase"}) >= 0
                                  return
                                endif
                                " Build an expression that detects whether the current cursor position is
                                " in certain syntax types (string, comment, etc.), for use as
                                " searchpairpos()'s skip argument.
                                " We match "escape" for special items, such as lispEscapeSpecial, and
                                " match "symbol" for lispBarSymbol.
                                let s_skip = 'synstack(".", col("."))' . '->indexof({_, id -> synIDattr(id, "name") =~? ' . '"string\\|character\\|singlequote\\|escape\\|symbol\\|comment"}) >= 0'
                                " If executing the expression determines that the cursor is currently in
                                " one of the syntax types, then we want searchpairpos() to find the pair
                                " within those syntax types (i.e., not skip).  Otherwise, the cursor is
                                " outside of the syntax types and s_skip should keep its value so we skip
                                " any matching pair inside the syntax types.
                                " Catch if this throws E363: pattern uses more memory than 'maxmempattern'.
                                try
                                  execute 'if ' . s_skip . ' | let s_skip = "0" | endif'
                                catch /^Vim\%((\a\+)\)\=:E363/
                                  " We won't find anything, so skip searching, should keep Vim responsive.
                                  return
                                endtry
                              endif
                            
                              " Limit the search to lines visible in the window.
                              let stoplinebottom = line('w$')
                              let stoplinetop = line('w0')
                              if i % 2 == 0
                                let stopline = stoplinebottom
                              else
                                let stopline = stoplinetop
                              endif
                            
                              " Limit the search time to 300 msec to avoid a hang on very long lines.
                              " This fails when a timeout is not supported.
                              if mode() == 'i' || mode() == 'R'
                                let timeout = exists("b:matchparen_insert_timeout") ? b:matchparen_insert_timeout : g:matchparen_insert_timeout
                              else
                                let timeout = exists("b:matchparen_timeout") ? b:matchparen_timeout : g:matchparen_timeout
                              endif
                              try
                                let [m_lnum, m_col] = searchpairpos(c, '', c2, s_flags, s_skip, stopline, timeout)
                              catch /E118/
                                " Can't use the timeout, restrict the stopline a bit more to avoid taking
                                " a long time on closed folds and long lines.
                                " The "viewable" variables give a range in which we can scroll while
                                " keeping the cursor at the same position.
                                " adjustedScrolloff accounts for very large numbers of scrolloff.
                                let adjustedScrolloff = min([&scrolloff, (line('w$') - line('w0')) / 2])
                                let bottom_viewable = min([line('$'), c_lnum + &lines - adjustedScrolloff - 2])
                                let top_viewable = max([1, c_lnum-&lines+adjustedScrolloff + 2])
                                " one of these stoplines will be adjusted below, but the current values are
                                " minimal boundaries within the current window
                                if i % 2 == 0
                                  if has("byte_offset") && has("syntax_items") && &smc > 0
                            	let stopbyte = min([line2byte("$"), line2byte(".") + col(".") + &smc * 2])
                            	let stopline = min([bottom_viewable, byte2line(stopbyte)])
                                  else
                            	let stopline = min([bottom_viewable, c_lnum + 100])
                                  endif
                                  let stoplinebottom = stopline
                                else
                                  if has("byte_offset") && has("syntax_items") && &smc > 0
                            	let stopbyte = max([1, line2byte(".") + col(".") - &smc * 2])
                            	let stopline = max([top_viewable, byte2line(stopbyte)])
                                  else
                            	let stopline = max([top_viewable, c_lnum - 100])
                                  endif
                                  let stoplinetop = stopline
                                endif
                                let [m_lnum, m_col] = searchpairpos(c, '', c2, s_flags, s_skip, stopline)
                              endtry
                            
                              " If a match is found setup match highlighting.
                              if m_lnum > 0 && m_lnum >= stoplinetop && m_lnum <= stoplinebottom
                                if !g:matchparen_disable_cursor_hl
                                  call add(w:matchparen_ids, matchaddpos('MatchParen', [[c_lnum, c_col - before], [m_lnum, m_col]], 10))
                                else
                                  call add(w:matchparen_ids, matchaddpos('MatchParen', [[m_lnum, m_col]], 10))
                                endif
                                let w:paren_hl_on = 1
                              endif

FUNCTION  <SNR>26_SynSet()
    Defined: /usr/share/nvim/runtime/syntax/synload.vim:27
Called 2 times
Total time:   0.002346
 Self time:   0.002346

count  total (s)   self (s)
                              " clear syntax for :set syntax=OFF  and any syntax name that doesn't exist
    2              0.000011   syn clear
    2              0.000006   if exists("b:current_syntax")
                                unlet b:current_syntax
    2              0.000002   endif
                            
    2              0.000014   0verbose let s = expand("<amatch>")
    2              0.000004   if s == "ON"
                                " :set syntax=ON
                                if &filetype == ""
                                  echohl ErrorMsg
                                  echo "filetype unknown"
                                  echohl None
                                endif
                                let s = &filetype
    2              0.000004   elseif s == "OFF"
                                let s = ""
    2              0.000001   endif
                            
    2              0.000002   if s != ""
                                " Load the syntax file(s).  When there are several, separated by dots,
                                " load each in sequence.  Skip empty entries.
    4              0.000017     for name in split(s, '\.')
    2              0.000006       if !empty(name)
                                    " XXX: "[.]" in the first pattern makes it a wildcard on Windows
    2              0.002228         exe $'runtime! syntax/{name}[.]{{vim,lua}} syntax/{name}/*.{{vim,lua}}'
    2              0.000002       endif
    4              0.000004     endfor
    2              0.000001   endif

FUNCTION  <SNR>2_LoadIndent()
    Defined: /usr/share/nvim/runtime/indent.vim:14
Called 2 times
Total time:   0.000789
 Self time:   0.000789

count  total (s)   self (s)
    2              0.000013     if exists("b:undo_indent")
                                  exe b:undo_indent
                                  unlet! b:undo_indent b:did_indent
    2              0.000002     endif
    2              0.000013     let s = expand("<amatch>")
    2              0.000005     if s != ""
    2              0.000005       if exists("b:did_indent")
                            	unlet b:did_indent
    2              0.000002       endif
                            
                                  " When there is a dot it is used to separate filetype names.  Thus for
                                  " "aaa.bbb" load "indent/aaa.vim" and then "indent/bbb.vim".
    4              0.000028       for name in split(s, '\.')
                                    " XXX: "[.]" in the pattern makes it a wildcard on Windows
    2              0.000689         exe $'runtime! indent/{name}[.]{{vim,lua}}'
    4              0.000004       endfor
    2              0.000002     endif

FUNCTION  <SNR>15_Remove_Matches()
    Defined: /usr/share/nvim/runtime/plugin/matchparen.vim:203
Called 11 times
Total time:   0.000216
 Self time:   0.000216

count  total (s)   self (s)
   11              0.000071   if exists('w:paren_hl_on') && w:paren_hl_on
                                while !empty(w:matchparen_ids)
                                  silent! call remove(w:matchparen_ids, 0)->matchdelete()
                                endwhile
                                let w:paren_hl_on = 0
   11              0.000008   endif

FUNCTIONS SORTED ON TOTAL TIME
count  total (s)   self (s)  function
    2   0.003739             <SNR>1_LoadFTPlugin()
    2   0.002346             <SNR>26_SynSet()
    2   0.000789             <SNR>2_LoadIndent()
    7   0.000748   0.000650  <SNR>15_Highlight_Matching_Pair()
   11   0.000216             <SNR>15_Remove_Matches()

FUNCTIONS SORTED ON SELF TIME
count  total (s)   self (s)  function
    2              0.003739  <SNR>1_LoadFTPlugin()
    2              0.002346  <SNR>26_SynSet()
    2              0.000789  <SNR>2_LoadIndent()
    7   0.000748   0.000650  <SNR>15_Highlight_Matching_Pair()
   11              0.000216  <SNR>15_Remove_Matches()

